<?xml version="1.0" encoding="UTF-8"?>
<testng-results skipped="0" failed="0" ignored="0" total="1" passed="1">
  <reporter-output>
  </reporter-output>
  <suite name="Default suite" duration-ms="28183" started-at="2019-11-21T02:20:30Z" finished-at="2019-11-21T02:20:58Z">
    <groups>
    </groups>
    <test name="Default test" duration-ms="28183" started-at="2019-11-21T02:20:30Z" finished-at="2019-11-21T02:20:58Z">
      <class name="com.stadiumgood.StepDef.CountCatagoriesAndSelectACatagory">
        <test-method status="PASS" signature="setUp()[pri:0, instance:com.stadiumgood.StepDef.CountCatagoriesAndSelectACatagory@1445d7f]" name="setUp" is-config="true" duration-ms="238" started-at="2019-11-21T02:20:30Z" finished-at="2019-11-21T02:20:30Z">
          <reporter-output>
          </reporter-output>
        </test-method> <!-- setUp -->
        <test-method status="PASS" signature="setupclass()[pri:0, instance:com.stadiumgood.StepDef.CountCatagoriesAndSelectACatagory@1445d7f]" name="setupclass" is-config="true" duration-ms="454" started-at="2019-11-21T02:20:30Z" finished-at="2019-11-21T02:20:31Z">
          <reporter-output>
          </reporter-output>
        </test-method> <!-- setupclass -->
        <test-method status="PASS" signature="feature(cucumber.api.testng.CucumberFeatureWrapper)[pri:0, instance:com.stadiumgood.StepDef.CountCatagoriesAndSelectACatagory@1445d7f]" name="feature" duration-ms="27387" started-at="2019-11-21T02:20:31Z" data-provider="features" finished-at="2019-11-21T02:20:58Z">
          <params>
            <param index="0">
              <value>
                <![CDATA[Count the Number of Catagories in Header, select A Random Catagory and filter low to high]]>
              </value>
            </param>
          </params>
          <reporter-output>
          </reporter-output>
        </test-method> <!-- feature -->
        <test-method status="PASS" signature="teardownClass()[pri:0, instance:com.stadiumgood.StepDef.CountCatagoriesAndSelectACatagory@1445d7f]" name="teardownClass" is-config="true" duration-ms="132" started-at="2019-11-21T02:20:58Z" finished-at="2019-11-21T02:20:58Z">
          <reporter-output>
          </reporter-output>
        </test-method> <!-- teardownClass -->
        <test-method status="PASS" signature="teardownsuit()[pri:0, instance:com.stadiumgood.StepDef.CountCatagoriesAndSelectACatagory@1445d7f]" name="teardownsuit" is-config="true" duration-ms="0" started-at="2019-11-21T02:20:58Z" finished-at="2019-11-21T02:20:58Z">
          <reporter-output>
          </reporter-output>
        </test-method> <!-- teardownsuit -->
      </class> <!-- com.stadiumgood.StepDef.CountCatagoriesAndSelectACatagory -->
    </test> <!-- Default test -->
  </suite> <!-- Default suite -->
</testng-results>
